<?xml version="1.0" encoding="UTF-8"?>
<testsuite name="nl.tudelft.jpacman.level.LevelTest" tests="8" skipped="0" failures="0" errors="0" timestamp="2026-04-01T03:07:35" hostname="w134-87-157-117.wireless.uvic.ca" time="0.09">
  <properties/>
  <testcase name="startStop()" classname="nl.tudelft.jpacman.level.LevelTest" time="0.022"/>
  <testcase name="registerSecondPlayer()" classname="nl.tudelft.jpacman.level.LevelTest" time="0.047"/>
  <testcase name="registerThirdPlayer()" classname="nl.tudelft.jpacman.level.LevelTest" time="0.002"/>
  <testcase name="registerPlayerTwice()" classname="nl.tudelft.jpacman.level.LevelTest" time="0.002"/>
  <testcase name="registerPlayer()" classname="nl.tudelft.jpacman.level.LevelTest" time="0.001"/>
  <testcase name="stop()" classname="nl.tudelft.jpacman.level.LevelTest" time="0.002"/>
  <testcase name="start()" classname="nl.tudelft.jpacman.level.LevelTest" time="0.004"/>
  <testcase name="noStart()" classname="nl.tudelft.jpacman.level.LevelTest" time="0.001"/>
  <system-out><![CDATA[]]></system-out>
  <system-err><![CDATA[]]></system-err>
</testsuite>
