<?xml version="1.0" encoding="UTF-8"?>
<testsuite name="nl.tudelft.jpacman.npc.ghost.NavigationTest" tests="8" skipped="0" failures="0" errors="0" timestamp="2026-04-01T03:07:35" hostname="w134-87-157-117.wireless.uvic.ca" time="0.073">
  <properties/>
  <testcase name="testSimplePath()" classname="nl.tudelft.jpacman.npc.ghost.NavigationTest" time="0.02"/>
  <testcase name="testNoTraveller()" classname="nl.tudelft.jpacman.npc.ghost.NavigationTest" time="0.006"/>
  <testcase name="testNoShortestPath()" classname="nl.tudelft.jpacman.npc.ghost.NavigationTest" time="0.005"/>
  <testcase name="testFullSizedLevel()" classname="nl.tudelft.jpacman.npc.ghost.NavigationTest" time="0.019"/>
  <testcase name="testShortestPathEmpty()" classname="nl.tudelft.jpacman.npc.ghost.NavigationTest" time="0.005"/>
  <testcase name="testNoNearestUnit()" classname="nl.tudelft.jpacman.npc.ghost.NavigationTest" time="0.003"/>
  <testcase name="testCornerPath()" classname="nl.tudelft.jpacman.npc.ghost.NavigationTest" time="0.004"/>
  <testcase name="testNearestUnit()" classname="nl.tudelft.jpacman.npc.ghost.NavigationTest" time="0.007"/>
  <system-out><![CDATA[]]></system-out>
  <system-err><![CDATA[]]></system-err>
</testsuite>
